2015-12-02 23:04:13,345 [Worker-1] INFO  o.e.m.c.i.l.LifecycleMappingFactory - Using org.eclipse.m2e.jdt.JarLifecycleMapping lifecycle mapping for MavenProject: com.ryanjbaxter.spring.cloud:ocr-eureka:0.0.1-SNAPSHOT @ D:\work\SPRING\springcloud2\springcloud\ocr-eureka2\ocr-eureka2\pom.xml.
2015-12-02 23:04:15,244 [Worker-1] INFO  o.e.m.j.i.AbstractJavaProjectConfigurator - Adding source folder /ocr-eureka/src/main/java
2015-12-02 23:04:15,245 [Worker-1] INFO  o.e.m.j.i.AbstractJavaProjectConfigurator - Adding resource folder /ocr-eureka/src/main/resources
2015-12-02 23:04:15,245 [Worker-1] INFO  o.e.m.j.i.AbstractJavaProjectConfigurator - Adding resource folder /ocr-eureka/src/main/resources
2015-12-02 23:04:15,245 [Worker-1] INFO  o.e.m.j.i.AbstractJavaProjectConfigurator - Adding source folder /ocr-eureka/src/test/java
2015-12-02 23:04:16,988 [Worker-1] INFO  o.e.m.c.i.p.ProjectConfigurationManager - Imported and configured 1 project(s) in 5 sec
2015-12-02 23:04:20,245 [Worker-2] INFO  o.e.m.c.i.embedder.EclipseLogger - Using 'UTF-8' encoding to copy filtered resources.
2015-12-02 23:04:20,248 [Worker-2] INFO  o.e.m.c.i.embedder.EclipseLogger - Copying 1 resource
2015-12-02 23:04:20,256 [Worker-2] INFO  o.e.m.c.i.embedder.EclipseLogger - Copying 0 resource
2015-12-02 23:04:20,258 [Worker-2] INFO  o.e.m.c.i.embedder.EclipseLogger - Using 'UTF-8' encoding to copy filtered resources.
2015-12-02 23:04:20,258 [Worker-2] INFO  o.e.m.c.i.embedder.EclipseLogger - skip non existing resourceDirectory D:\work\SPRING\springcloud2\springcloud\ocr-eureka2\ocr-eureka2\src\test\resources
2015-12-02 23:04:31,605 [Worker-1] INFO  o.e.m.c.i.l.LifecycleMappingFactory - Using org.eclipse.m2e.jdt.JarLifecycleMapping lifecycle mapping for MavenProject: com.ryanjbaxter.spring.cloud:ocr-hystrix-dashboard:0.0.1-SNAPSHOT @ D:\work\SPRING\springcloud2\springcloud\ocr-hystrix-dashboard\pom.xml.
2015-12-02 23:04:32,725 [Worker-1] INFO  o.e.m.j.i.AbstractJavaProjectConfigurator - Adding source folder /ocr-hystrix-dashboard/src/main/java
2015-12-02 23:04:32,725 [Worker-1] INFO  o.e.m.j.i.AbstractJavaProjectConfigurator - Adding resource folder /ocr-hystrix-dashboard/src/main/resources
2015-12-02 23:04:32,725 [Worker-1] INFO  o.e.m.j.i.AbstractJavaProjectConfigurator - Adding resource folder /ocr-hystrix-dashboard/src/main/resources
2015-12-02 23:04:32,726 [Worker-1] INFO  o.e.m.j.i.AbstractJavaProjectConfigurator - Adding source folder /ocr-hystrix-dashboard/src/test/java
2015-12-02 23:04:32,949 [Worker-1] INFO  o.e.m.c.i.p.ProjectConfigurationManager - Imported and configured 1 project(s) in 1 sec
2015-12-02 23:04:34,134 [Worker-0] INFO  o.e.m.c.i.embedder.EclipseLogger - Using 'UTF-8' encoding to copy filtered resources.
2015-12-02 23:04:34,135 [Worker-0] INFO  o.e.m.c.i.embedder.EclipseLogger - Copying 1 resource
2015-12-02 23:04:34,230 [Worker-0] INFO  o.e.m.c.i.embedder.EclipseLogger - Copying 0 resource
2015-12-02 23:04:34,232 [Worker-0] INFO  o.e.m.c.i.embedder.EclipseLogger - Using 'UTF-8' encoding to copy filtered resources.
2015-12-02 23:04:34,232 [Worker-0] INFO  o.e.m.c.i.embedder.EclipseLogger - skip non existing resourceDirectory D:\work\SPRING\springcloud2\springcloud\ocr-hystrix-dashboard\src\test\resources
2015-12-02 23:04:51,891 [Worker-10] INFO  o.e.m.c.i.l.LifecycleMappingFactory - Using org.eclipse.m2e.jdt.JarLifecycleMapping lifecycle mapping for MavenProject: com.ryanjbaxter.spring.cloud:ocr-participants:0.0.1-SNAPSHOT @ D:\work\SPRING\springcloud2\springcloud\ocr-participants\pom.xml.
2015-12-02 23:04:53,031 [Worker-10] INFO  o.e.m.j.i.AbstractJavaProjectConfigurator - Adding source folder /ocr-participants/src/main/java
2015-12-02 23:04:53,031 [Worker-10] INFO  o.e.m.j.i.AbstractJavaProjectConfigurator - Adding resource folder /ocr-participants/src/main/resources
2015-12-02 23:04:53,031 [Worker-10] INFO  o.e.m.j.i.AbstractJavaProjectConfigurator - Adding resource folder /ocr-participants/src/main/resources
2015-12-02 23:04:53,031 [Worker-10] INFO  o.e.m.j.i.AbstractJavaProjectConfigurator - Adding source folder /ocr-participants/src/test/java
2015-12-02 23:04:53,147 [Worker-10] INFO  o.e.m.c.i.p.ProjectConfigurationManager - Imported and configured 1 project(s) in 1 sec
2015-12-02 23:04:54,406 [Worker-3] INFO  o.e.m.c.i.embedder.EclipseLogger - Using 'UTF-8' encoding to copy filtered resources.
2015-12-02 23:04:54,406 [Worker-3] INFO  o.e.m.c.i.embedder.EclipseLogger - Copying 1 resource
2015-12-02 23:04:54,407 [Worker-3] INFO  o.e.m.c.i.embedder.EclipseLogger - Copying 1 resource
2015-12-02 23:04:54,410 [Worker-3] INFO  o.e.m.c.i.embedder.EclipseLogger - Using 'UTF-8' encoding to copy filtered resources.
2015-12-02 23:04:54,410 [Worker-3] INFO  o.e.m.c.i.embedder.EclipseLogger - skip non existing resourceDirectory D:\work\SPRING\springcloud2\springcloud\ocr-participants\src\test\resources
2015-12-02 23:05:11,181 [Worker-2] INFO  o.e.m.c.i.l.LifecycleMappingFactory - Using org.eclipse.m2e.jdt.JarLifecycleMapping lifecycle mapping for MavenProject: com.ryanjbaxter.spring.cloud:ocr-races:0.0.1-SNAPSHOT @ D:\work\SPRING\springcloud2\springcloud\ocr-races\pom.xml.
2015-12-02 23:05:12,261 [Worker-2] INFO  o.e.m.j.i.AbstractJavaProjectConfigurator - Adding source folder /ocr-races/src/main/java
2015-12-02 23:05:12,261 [Worker-2] INFO  o.e.m.j.i.AbstractJavaProjectConfigurator - Adding resource folder /ocr-races/src/main/resources
2015-12-02 23:05:12,262 [Worker-2] INFO  o.e.m.j.i.AbstractJavaProjectConfigurator - Adding resource folder /ocr-races/src/main/resources
2015-12-02 23:05:12,262 [Worker-2] INFO  o.e.m.j.i.AbstractJavaProjectConfigurator - Adding source folder /ocr-races/src/test/java
2015-12-02 23:05:12,372 [Worker-2] INFO  o.e.m.c.i.p.ProjectConfigurationManager - Imported and configured 1 project(s) in 1 sec
2015-12-02 23:05:13,533 [Worker-2] INFO  o.e.m.c.i.embedder.EclipseLogger - Using 'UTF-8' encoding to copy filtered resources.
2015-12-02 23:05:13,534 [Worker-2] INFO  o.e.m.c.i.embedder.EclipseLogger - Copying 1 resource
2015-12-02 23:05:13,535 [Worker-2] INFO  o.e.m.c.i.embedder.EclipseLogger - Copying 1 resource
2015-12-02 23:05:13,538 [Worker-2] INFO  o.e.m.c.i.embedder.EclipseLogger - Using 'UTF-8' encoding to copy filtered resources.
2015-12-02 23:05:13,539 [Worker-2] INFO  o.e.m.c.i.embedder.EclipseLogger - skip non existing resourceDirectory D:\work\SPRING\springcloud2\springcloud\ocr-races\src\test\resources
2015-12-02 23:05:42,053 [Worker-2] INFO  o.e.m.c.i.l.LifecycleMappingFactory - Using org.eclipse.m2e.jdt.JarLifecycleMapping lifecycle mapping for MavenProject: com.ryanjbaxter.spring.cloud:ocr-web:0.0.1-SNAPSHOT @ D:\work\SPRING\springcloud2\springcloud\ocr-web\pom.xml.
2015-12-02 23:05:43,251 [Worker-2] INFO  o.e.m.j.i.AbstractJavaProjectConfigurator - Adding source folder /ocr-web/src/main/java
2015-12-02 23:05:43,251 [Worker-2] INFO  o.e.m.j.i.AbstractJavaProjectConfigurator - Adding resource folder /ocr-web/src/main/resources
2015-12-02 23:05:43,251 [Worker-2] INFO  o.e.m.j.i.AbstractJavaProjectConfigurator - Adding resource folder /ocr-web/src/main/resources
2015-12-02 23:05:43,251 [Worker-2] INFO  o.e.m.j.i.AbstractJavaProjectConfigurator - Adding source folder /ocr-web/src/test/java
2015-12-02 23:05:43,487 [Worker-2] INFO  o.e.m.c.i.p.ProjectConfigurationManager - Imported and configured 1 project(s) in 1 sec
2015-12-02 23:05:44,714 [Worker-3] INFO  o.e.m.c.i.embedder.EclipseLogger - Using 'UTF-8' encoding to copy filtered resources.
2015-12-02 23:05:44,714 [Worker-3] INFO  o.e.m.c.i.embedder.EclipseLogger - Copying 1 resource
2015-12-02 23:05:44,715 [Worker-3] INFO  o.e.m.c.i.embedder.EclipseLogger - Copying 7 resources
2015-12-02 23:05:44,725 [Worker-3] INFO  o.e.m.c.i.embedder.EclipseLogger - Using 'UTF-8' encoding to copy filtered resources.
2015-12-02 23:05:44,725 [Worker-3] INFO  o.e.m.c.i.embedder.EclipseLogger - skip non existing resourceDirectory D:\work\SPRING\springcloud2\springcloud\ocr-web\src\test\resources
2015-12-02 23:06:34,328 [Worker-7] INFO  o.e.m.c.i.embedder.EclipseLogger - Using 'UTF-8' encoding to copy filtered resources.
2015-12-02 23:06:34,332 [Worker-7] INFO  o.e.m.c.i.embedder.EclipseLogger - Copying 1 resource
2015-12-02 23:06:34,334 [Worker-7] INFO  o.e.m.c.i.embedder.EclipseLogger - Copying 1 resource
2015-12-02 23:06:34,341 [Worker-7] INFO  o.e.m.c.i.embedder.EclipseLogger - Using 'UTF-8' encoding to copy filtered resources.
2015-12-02 23:06:34,341 [Worker-7] INFO  o.e.m.c.i.embedder.EclipseLogger - skip non existing resourceDirectory D:\work\SPRING\springcloud2\springcloud\ocr-races\src\test\resources
2015-12-02 23:06:40,795 [JavaFX Application Thread] INFO  o.e.m2e.actions.ExecutePomAction - Creating new launch configuration
2015-12-02 23:13:02,168 [Worker-10] INFO  o.e.m.c.i.e.AbstractTransferListenerAdapter - Downloaded https://repo.spring.io/snapshot/io/reactivex/rxjava/1.0.11/rxjava-1.0.11-sources.jar
2015-12-02 23:13:03,257 [Worker-10] INFO  o.e.m.c.i.e.AbstractTransferListenerAdapter - Downloaded https://repo.spring.io/milestone/io/reactivex/rxjava/1.0.11/rxjava-1.0.11-sources.jar
2015-12-02 23:13:04,837 [Worker-10] INFO  o.e.m.c.i.e.AbstractTransferListenerAdapter - Downloading https://repo.maven.apache.org/maven2/io/reactivex/rxjava/1.0.11/rxjava-1.0.11-sources.jar
2015-12-02 23:13:06,747 [Worker-10] INFO  o.e.m.c.i.e.AbstractTransferListenerAdapter - Downloaded https://repo.maven.apache.org/maven2/io/reactivex/rxjava/1.0.11/rxjava-1.0.11-sources.jar
2015-12-02 23:13:06,874 [Worker-10] INFO  o.e.m.j.internal.DownloadSourcesJob - Downloaded sources for io.reactivex:rxjava:1.0.11
2015-12-02 23:13:07,204 [Worker-10] INFO  o.e.m.c.i.embedder.EclipseLogger - Using 'UTF-8' encoding to copy filtered resources.
2015-12-02 23:13:07,204 [Worker-10] INFO  o.e.m.c.i.embedder.EclipseLogger - Copying 0 resource
2015-12-02 23:13:07,204 [Worker-10] INFO  o.e.m.c.i.embedder.EclipseLogger - Copying 0 resource
2015-12-02 23:13:07,206 [Worker-10] INFO  o.e.m.c.i.embedder.EclipseLogger - Using 'UTF-8' encoding to copy filtered resources.
2015-12-02 23:13:07,207 [Worker-10] INFO  o.e.m.c.i.embedder.EclipseLogger - skip non existing resourceDirectory D:\work\SPRING\springcloud2\springcloud\ocr-eureka2\ocr-eureka2\src\test\resources
2015-12-02 23:14:38,223 [JavaFX Application Thread] INFO  o.e.m2e.actions.ExecutePomAction - Creating new launch configuration
2015-12-02 23:21:46,244 [JavaFX Application Thread] INFO  o.e.m2e.actions.ExecutePomAction - Using existing launch configuration
2015-12-03 10:42:34,828 [Worker-22] INFO  o.e.m.c.i.embedder.EclipseLogger - Using 'UTF-8' encoding to copy filtered resources.
2015-12-03 10:42:34,828 [Worker-22] INFO  o.e.m.c.i.embedder.EclipseLogger - Copying 1 resource
2015-12-03 10:42:34,843 [Worker-22] INFO  o.e.m.c.i.embedder.EclipseLogger - Copying 7 resources
2015-12-03 10:42:34,843 [Worker-22] INFO  o.e.m.c.i.embedder.EclipseLogger - Using 'UTF-8' encoding to copy filtered resources.
2015-12-03 10:42:34,843 [Worker-22] INFO  o.e.m.c.i.embedder.EclipseLogger - skip non existing resourceDirectory D:\work\SPRING\springcloud2\springcloud\ocr-web\src\test\resources
2015-12-03 10:43:05,435 [Worker-21] INFO  o.e.m.c.i.embedder.EclipseLogger - Using 'UTF-8' encoding to copy filtered resources.
2015-12-03 10:43:05,435 [Worker-21] INFO  o.e.m.c.i.embedder.EclipseLogger - Copying 0 resource
2015-12-03 10:43:05,435 [Worker-21] INFO  o.e.m.c.i.embedder.EclipseLogger - Copying 1 resource
2015-12-03 10:43:05,435 [Worker-21] INFO  o.e.m.c.i.embedder.EclipseLogger - Using 'UTF-8' encoding to copy filtered resources.
2015-12-03 10:43:05,435 [Worker-21] INFO  o.e.m.c.i.embedder.EclipseLogger - skip non existing resourceDirectory D:\work\SPRING\springcloud2\springcloud\ocr-web\src\test\resources
2015-12-03 10:45:24,662 [Worker-22] INFO  o.e.m.c.i.embedder.EclipseLogger - Using 'UTF-8' encoding to copy filtered resources.
2015-12-03 10:45:24,662 [Worker-22] INFO  o.e.m.c.i.embedder.EclipseLogger - Copying 0 resource
2015-12-03 10:45:24,662 [Worker-22] INFO  o.e.m.c.i.embedder.EclipseLogger - Copying 1 resource
2015-12-03 10:45:24,662 [Worker-22] INFO  o.e.m.c.i.embedder.EclipseLogger - Using 'UTF-8' encoding to copy filtered resources.
2015-12-03 10:45:24,662 [Worker-22] INFO  o.e.m.c.i.embedder.EclipseLogger - skip non existing resourceDirectory D:\work\SPRING\springcloud2\springcloud\ocr-web\src\test\resources
2015-12-03 10:46:06,263 [main] INFO  o.e.m2e.actions.ExecutePomAction - Creating new launch configuration
2015-12-03 11:04:00,853 [Worker-16] INFO  o.e.m.c.i.l.LifecycleMappingFactory - Using org.eclipse.m2e.jdt.JarLifecycleMapping lifecycle mapping for MavenProject: com.ryanjbaxter.spring.cloud:ocr-races:0.0.1-SNAPSHOT @ D:\work\SPRING\springcloud2\springcloud\ocr-races\pom.xml.
2015-12-03 11:04:03,259 [Worker-16] INFO  o.e.m.c.i.e.AbstractTransferListenerAdapter - Downloading https://repo.maven.apache.org/maven2/org/springframework/cloud/spring-cloud-starter-feign/1.0.3.RELEASE/spring-cloud-starter-feign-1.0.3.RELEASE.pom
2015-12-03 11:04:03,603 [Worker-16] INFO  o.e.m.c.i.e.AbstractTransferListenerAdapter - Downloaded https://repo.maven.apache.org/maven2/org/springframework/cloud/spring-cloud-starter-feign/1.0.3.RELEASE/spring-cloud-starter-feign-1.0.3.RELEASE.pom
2015-12-03 11:04:04,291 [Worker-16] INFO  o.e.m.c.i.e.AbstractTransferListenerAdapter - Downloading https://repo.maven.apache.org/maven2/org/springframework/cloud/spring-cloud-starter-feign/1.0.3.RELEASE/spring-cloud-starter-feign-1.0.3.RELEASE.jar
2015-12-03 11:04:04,775 [Worker-16] INFO  o.e.m.c.i.e.AbstractTransferListenerAdapter - Downloaded https://repo.maven.apache.org/maven2/org/springframework/cloud/spring-cloud-starter-feign/1.0.3.RELEASE/spring-cloud-starter-feign-1.0.3.RELEASE.jar
2015-12-03 11:04:05,416 [Worker-16] INFO  o.e.m.c.i.embedder.EclipseLogger - Using 'UTF-8' encoding to copy filtered resources.
2015-12-03 11:04:05,416 [Worker-16] INFO  o.e.m.c.i.embedder.EclipseLogger - Copying 1 resource
2015-12-03 11:04:05,416 [Worker-16] INFO  o.e.m.c.i.embedder.EclipseLogger - Copying 1 resource
2015-12-03 11:04:05,416 [Worker-16] INFO  o.e.m.c.i.embedder.EclipseLogger - Using 'UTF-8' encoding to copy filtered resources.
2015-12-03 11:04:05,416 [Worker-16] INFO  o.e.m.c.i.embedder.EclipseLogger - skip non existing resourceDirectory D:\work\SPRING\springcloud2\springcloud\ocr-races\src\test\resources
2015-12-03 11:04:08,001 [Worker-29] INFO  o.e.m.c.i.embedder.EclipseLogger - Using 'UTF-8' encoding to copy filtered resources.
2015-12-03 11:04:08,002 [Worker-29] INFO  o.e.m.c.i.embedder.EclipseLogger - Copying 1 resource
2015-12-03 11:04:08,003 [Worker-29] INFO  o.e.m.c.i.embedder.EclipseLogger - Copying 1 resource
2015-12-03 11:04:08,006 [Worker-29] INFO  o.e.m.c.i.embedder.EclipseLogger - Using 'UTF-8' encoding to copy filtered resources.
2015-12-03 11:04:08,006 [Worker-29] INFO  o.e.m.c.i.embedder.EclipseLogger - skip non existing resourceDirectory D:\work\SPRING\springcloud2\springcloud\ocr-races\src\test\resources
2015-12-03 11:04:26,757 [main] INFO  o.e.m2e.actions.ExecutePomAction - Using existing launch configuration
2015-12-03 11:08:20,642 [Worker-17] INFO  o.e.m.c.i.l.LifecycleMappingFactory - Using org.eclipse.m2e.jdt.JarLifecycleMapping lifecycle mapping for MavenProject: com.ryanjbaxter.spring.cloud:ocr-races:0.0.1-SNAPSHOT @ D:\work\SPRING\springcloud2\springcloud\ocr-races\pom.xml.
2015-12-03 11:08:21,782 [Worker-17] INFO  o.e.m.c.i.embedder.EclipseLogger - Using 'UTF-8' encoding to copy filtered resources.
2015-12-03 11:08:21,782 [Worker-17] INFO  o.e.m.c.i.embedder.EclipseLogger - Copying 0 resource
2015-12-03 11:08:21,782 [Worker-17] INFO  o.e.m.c.i.embedder.EclipseLogger - Copying 0 resource
2015-12-03 11:08:21,782 [Worker-17] INFO  o.e.m.c.i.embedder.EclipseLogger - Using 'UTF-8' encoding to copy filtered resources.
2015-12-03 11:08:21,782 [Worker-17] INFO  o.e.m.c.i.embedder.EclipseLogger - skip non existing resourceDirectory D:\work\SPRING\springcloud2\springcloud\ocr-races\src\test\resources
2015-12-03 11:12:29,741 [Worker-29] INFO  o.e.m.c.i.l.LifecycleMappingFactory - Using org.eclipse.m2e.jdt.JarLifecycleMapping lifecycle mapping for MavenProject: com.ryanjbaxter.spring.cloud:ocr-races:0.0.1-SNAPSHOT @ D:\work\SPRING\springcloud2\springcloud\ocr-races\pom.xml.
2015-12-03 11:12:31,054 [Worker-29] INFO  o.e.m.c.i.embedder.EclipseLogger - Using 'UTF-8' encoding to copy filtered resources.
2015-12-03 11:12:31,054 [Worker-29] INFO  o.e.m.c.i.embedder.EclipseLogger - Copying 0 resource
2015-12-03 11:12:31,054 [Worker-29] INFO  o.e.m.c.i.embedder.EclipseLogger - Copying 0 resource
2015-12-03 11:12:31,054 [Worker-29] INFO  o.e.m.c.i.embedder.EclipseLogger - Using 'UTF-8' encoding to copy filtered resources.
2015-12-03 11:12:31,054 [Worker-29] INFO  o.e.m.c.i.embedder.EclipseLogger - skip non existing resourceDirectory D:\work\SPRING\springcloud2\springcloud\ocr-races\src\test\resources
2015-12-03 11:12:33,279 [Worker-37] INFO  o.e.m.c.i.embedder.EclipseLogger - Using 'UTF-8' encoding to copy filtered resources.
2015-12-03 11:12:33,279 [Worker-37] INFO  o.e.m.c.i.embedder.EclipseLogger - Copying 1 resource
2015-12-03 11:12:33,295 [Worker-37] INFO  o.e.m.c.i.embedder.EclipseLogger - Copying 1 resource
2015-12-03 11:12:33,295 [Worker-37] INFO  o.e.m.c.i.embedder.EclipseLogger - Using 'UTF-8' encoding to copy filtered resources.
2015-12-03 11:12:33,295 [Worker-37] INFO  o.e.m.c.i.embedder.EclipseLogger - skip non existing resourceDirectory D:\work\SPRING\springcloud2\springcloud\ocr-races\src\test\resources
2015-12-03 11:16:28,970 [Worker-38] INFO  o.e.m.c.i.l.LifecycleMappingFactory - Using org.eclipse.m2e.jdt.JarLifecycleMapping lifecycle mapping for MavenProject: com.ryanjbaxter.spring.cloud:ocr-races:0.0.1-SNAPSHOT @ D:\work\SPRING\springcloud2\springcloud\ocr-races\pom.xml.
2015-12-03 11:16:30,079 [Worker-38] INFO  o.e.m.c.i.embedder.EclipseLogger - Using 'UTF-8' encoding to copy filtered resources.
2015-12-03 11:16:30,079 [Worker-38] INFO  o.e.m.c.i.embedder.EclipseLogger - Copying 0 resource
2015-12-03 11:16:30,079 [Worker-38] INFO  o.e.m.c.i.embedder.EclipseLogger - Copying 0 resource
2015-12-03 11:16:30,080 [Worker-38] INFO  o.e.m.c.i.embedder.EclipseLogger - Using 'UTF-8' encoding to copy filtered resources.
2015-12-03 11:16:30,080 [Worker-38] INFO  o.e.m.c.i.embedder.EclipseLogger - skip non existing resourceDirectory D:\work\SPRING\springcloud2\springcloud\ocr-races\src\test\resources
2015-12-03 11:16:32,432 [Worker-33] INFO  o.e.m.c.i.embedder.EclipseLogger - Using 'UTF-8' encoding to copy filtered resources.
2015-12-03 11:16:32,432 [Worker-33] INFO  o.e.m.c.i.embedder.EclipseLogger - Copying 1 resource
2015-12-03 11:16:32,432 [Worker-33] INFO  o.e.m.c.i.embedder.EclipseLogger - Copying 1 resource
2015-12-03 11:16:32,432 [Worker-33] INFO  o.e.m.c.i.embedder.EclipseLogger - Using 'UTF-8' encoding to copy filtered resources.
2015-12-03 11:16:32,432 [Worker-33] INFO  o.e.m.c.i.embedder.EclipseLogger - skip non existing resourceDirectory D:\work\SPRING\springcloud2\springcloud\ocr-races\src\test\resources
2015-12-03 12:40:42,041 [Worker-66] INFO  o.e.m.c.i.embedder.EclipseLogger - Using 'UTF-8' encoding to copy filtered resources.
2015-12-03 12:40:42,041 [Worker-66] INFO  o.e.m.c.i.embedder.EclipseLogger - Copying 1 resource
2015-12-03 12:40:42,041 [Worker-66] INFO  o.e.m.c.i.embedder.EclipseLogger - Copying 1 resource
2015-12-03 12:40:42,041 [Worker-66] INFO  o.e.m.c.i.embedder.EclipseLogger - Using 'UTF-8' encoding to copy filtered resources.
2015-12-03 12:40:42,041 [Worker-66] INFO  o.e.m.c.i.embedder.EclipseLogger - skip non existing resourceDirectory D:\work\SPRING\springcloud2\springcloud\ocr-races\src\test\resources
2015-12-03 12:40:44,745 [Worker-65] INFO  o.e.m.c.i.embedder.EclipseLogger - Using 'UTF-8' encoding to copy filtered resources.
2015-12-03 12:40:44,745 [Worker-65] INFO  o.e.m.c.i.embedder.EclipseLogger - Copying 1 resource
2015-12-03 12:40:44,745 [Worker-65] INFO  o.e.m.c.i.embedder.EclipseLogger - Copying 1 resource
2015-12-03 12:40:44,745 [Worker-65] INFO  o.e.m.c.i.embedder.EclipseLogger - Using 'UTF-8' encoding to copy filtered resources.
2015-12-03 12:40:44,745 [Worker-65] INFO  o.e.m.c.i.embedder.EclipseLogger - skip non existing resourceDirectory D:\work\SPRING\springcloud2\springcloud\ocr-races\src\test\resources
2015-12-03 12:41:23,617 [Worker-60] INFO  o.e.m.c.i.embedder.EclipseLogger - Using 'UTF-8' encoding to copy filtered resources.
2015-12-03 12:41:23,617 [Worker-60] INFO  o.e.m.c.i.embedder.EclipseLogger - Copying 1 resource
2015-12-03 12:41:23,617 [Worker-60] INFO  o.e.m.c.i.embedder.EclipseLogger - Copying 1 resource
2015-12-03 12:41:23,617 [Worker-60] INFO  o.e.m.c.i.embedder.EclipseLogger - Using 'UTF-8' encoding to copy filtered resources.
2015-12-03 12:41:23,633 [Worker-60] INFO  o.e.m.c.i.embedder.EclipseLogger - skip non existing resourceDirectory D:\work\SPRING\springcloud2\springcloud\ocr-races\src\test\resources
2015-12-03 12:41:34,177 [Worker-66] INFO  o.e.m.c.i.embedder.EclipseLogger - Using 'UTF-8' encoding to copy filtered resources.
2015-12-03 12:41:34,177 [Worker-66] INFO  o.e.m.c.i.embedder.EclipseLogger - Copying 1 resource
2015-12-03 12:41:34,177 [Worker-66] INFO  o.e.m.c.i.embedder.EclipseLogger - Copying 1 resource
2015-12-03 12:41:34,177 [Worker-66] INFO  o.e.m.c.i.embedder.EclipseLogger - Using 'UTF-8' encoding to copy filtered resources.
2015-12-03 12:41:34,177 [Worker-66] INFO  o.e.m.c.i.embedder.EclipseLogger - skip non existing resourceDirectory D:\work\SPRING\springcloud2\springcloud\ocr-races\src\test\resources
2015-12-03 12:48:29,912 [Worker-60] INFO  o.e.m.c.i.embedder.EclipseLogger - Using 'UTF-8' encoding to copy filtered resources.
2015-12-03 12:48:29,912 [Worker-60] INFO  o.e.m.c.i.embedder.EclipseLogger - Copying 1 resource
2015-12-03 12:48:29,913 [Worker-60] INFO  o.e.m.c.i.embedder.EclipseLogger - Copying 1 resource
2015-12-03 12:48:29,915 [Worker-60] INFO  o.e.m.c.i.embedder.EclipseLogger - Using 'UTF-8' encoding to copy filtered resources.
2015-12-03 12:48:29,915 [Worker-60] INFO  o.e.m.c.i.embedder.EclipseLogger - skip non existing resourceDirectory D:\work\SPRING\springcloud2\springcloud\ocr-races\src\test\resources
2015-12-03 12:52:34,515 [Worker-39] INFO  o.e.m.c.i.embedder.EclipseLogger - Using 'UTF-8' encoding to copy filtered resources.
2015-12-03 12:52:34,515 [Worker-39] INFO  o.e.m.c.i.embedder.EclipseLogger - Copying 1 resource
2015-12-03 12:52:34,516 [Worker-39] INFO  o.e.m.c.i.embedder.EclipseLogger - Copying 1 resource
2015-12-03 12:52:34,518 [Worker-39] INFO  o.e.m.c.i.embedder.EclipseLogger - Using 'UTF-8' encoding to copy filtered resources.
2015-12-03 12:52:34,518 [Worker-39] INFO  o.e.m.c.i.embedder.EclipseLogger - skip non existing resourceDirectory D:\work\SPRING\springcloud2\springcloud\ocr-races\src\test\resources
2015-12-03 12:53:04,916 [Worker-69] INFO  o.e.m.c.i.embedder.EclipseLogger - Using 'UTF-8' encoding to copy filtered resources.
2015-12-03 12:53:04,917 [Worker-69] INFO  o.e.m.c.i.embedder.EclipseLogger - Copying 1 resource
2015-12-03 12:53:04,918 [Worker-69] INFO  o.e.m.c.i.embedder.EclipseLogger - Copying 1 resource
2015-12-03 12:53:04,919 [Worker-69] INFO  o.e.m.c.i.embedder.EclipseLogger - Using 'UTF-8' encoding to copy filtered resources.
2015-12-03 12:53:04,919 [Worker-69] INFO  o.e.m.c.i.embedder.EclipseLogger - skip non existing resourceDirectory D:\work\SPRING\springcloud2\springcloud\ocr-races\src\test\resources
2015-12-03 12:56:35,655 [Worker-71] INFO  o.e.m.c.i.embedder.EclipseLogger - Using 'UTF-8' encoding to copy filtered resources.
2015-12-03 12:56:35,656 [Worker-71] INFO  o.e.m.c.i.embedder.EclipseLogger - Copying 1 resource
2015-12-03 12:56:35,657 [Worker-71] INFO  o.e.m.c.i.embedder.EclipseLogger - Copying 1 resource
2015-12-03 12:56:35,660 [Worker-71] INFO  o.e.m.c.i.embedder.EclipseLogger - Using 'UTF-8' encoding to copy filtered resources.
2015-12-03 12:56:35,660 [Worker-71] INFO  o.e.m.c.i.embedder.EclipseLogger - skip non existing resourceDirectory D:\work\SPRING\springcloud2\springcloud\ocr-races\src\test\resources
2015-12-03 12:57:58,863 [Worker-72] INFO  o.e.m.c.i.embedder.EclipseLogger - Using 'UTF-8' encoding to copy filtered resources.
2015-12-03 12:57:58,863 [Worker-72] INFO  o.e.m.c.i.embedder.EclipseLogger - Copying 1 resource
2015-12-03 12:57:58,872 [Worker-72] INFO  o.e.m.c.i.embedder.EclipseLogger - Copying 1 resource
2015-12-03 12:57:58,875 [Worker-72] INFO  o.e.m.c.i.embedder.EclipseLogger - Using 'UTF-8' encoding to copy filtered resources.
2015-12-03 12:57:58,875 [Worker-72] INFO  o.e.m.c.i.embedder.EclipseLogger - skip non existing resourceDirectory D:\work\SPRING\springcloud2\springcloud\ocr-races\src\test\resources
2015-12-03 12:58:09,275 [Worker-72] INFO  o.e.m.c.i.embedder.EclipseLogger - Using 'UTF-8' encoding to copy filtered resources.
2015-12-03 12:58:09,275 [Worker-72] INFO  o.e.m.c.i.embedder.EclipseLogger - Copying 1 resource
2015-12-03 12:58:09,302 [Worker-72] INFO  o.e.m.c.i.embedder.EclipseLogger - Copying 1 resource
2015-12-03 12:58:09,303 [Worker-72] INFO  o.e.m.c.i.embedder.EclipseLogger - Using 'UTF-8' encoding to copy filtered resources.
2015-12-03 12:58:09,303 [Worker-72] INFO  o.e.m.c.i.embedder.EclipseLogger - skip non existing resourceDirectory D:\work\SPRING\springcloud2\springcloud\ocr-races\src\test\resources
2015-12-03 12:58:14,283 [Worker-72] INFO  o.e.m.c.i.embedder.EclipseLogger - Using 'UTF-8' encoding to copy filtered resources.
2015-12-03 12:58:14,284 [Worker-72] INFO  o.e.m.c.i.embedder.EclipseLogger - Copying 1 resource
2015-12-03 12:58:14,285 [Worker-72] INFO  o.e.m.c.i.embedder.EclipseLogger - Copying 1 resource
2015-12-03 12:58:14,286 [Worker-72] INFO  o.e.m.c.i.embedder.EclipseLogger - Using 'UTF-8' encoding to copy filtered resources.
2015-12-03 12:58:14,286 [Worker-72] INFO  o.e.m.c.i.embedder.EclipseLogger - skip non existing resourceDirectory D:\work\SPRING\springcloud2\springcloud\ocr-races\src\test\resources
2015-12-03 12:58:59,432 [Worker-68] INFO  o.e.m.c.i.embedder.EclipseLogger - Using 'UTF-8' encoding to copy filtered resources.
2015-12-03 12:58:59,433 [Worker-68] INFO  o.e.m.c.i.embedder.EclipseLogger - Copying 1 resource
2015-12-03 12:58:59,434 [Worker-68] INFO  o.e.m.c.i.embedder.EclipseLogger - Copying 1 resource
2015-12-03 12:58:59,435 [Worker-68] INFO  o.e.m.c.i.embedder.EclipseLogger - Using 'UTF-8' encoding to copy filtered resources.
2015-12-03 12:58:59,435 [Worker-68] INFO  o.e.m.c.i.embedder.EclipseLogger - skip non existing resourceDirectory D:\work\SPRING\springcloud2\springcloud\ocr-races\src\test\resources
2015-12-03 13:45:24,060 [Worker-87] INFO  o.e.m.c.i.l.LifecycleMappingFactory - Using org.eclipse.m2e.jdt.JarLifecycleMapping lifecycle mapping for MavenProject: com.ryanjbaxter.spring.cloud:ocr-races:0.0.1-SNAPSHOT @ D:\work\SPRING\springcloud2\springcloud\ocr-races\pom.xml.
2015-12-03 13:45:26,255 [Worker-87] INFO  o.e.m.c.i.e.AbstractTransferListenerAdapter - Downloading https://repo.maven.apache.org/maven2/com/netflix/ribbon/ribbon/2.0-RC1/ribbon-2.0-RC1.pom
2015-12-03 13:45:26,647 [Worker-87] INFO  o.e.m.c.i.e.AbstractTransferListenerAdapter - Downloaded https://repo.maven.apache.org/maven2/com/netflix/ribbon/ribbon/2.0-RC1/ribbon-2.0-RC1.pom
2015-12-03 13:45:27,099 [Worker-87] INFO  o.e.m.c.i.e.AbstractTransferListenerAdapter - Downloading https://repo.maven.apache.org/maven2/com/netflix/ribbon/ribbon-transport/2.0-RC1/ribbon-transport-2.0-RC1.pom
2015-12-03 13:45:27,559 [Worker-87] INFO  o.e.m.c.i.e.AbstractTransferListenerAdapter - Downloaded https://repo.maven.apache.org/maven2/com/netflix/ribbon/ribbon-transport/2.0-RC1/ribbon-transport-2.0-RC1.pom
2015-12-03 13:45:28,007 [Worker-87] INFO  o.e.m.c.i.e.AbstractTransferListenerAdapter - Downloading https://repo.maven.apache.org/maven2/com/netflix/ribbon/ribbon-core/2.0-RC1/ribbon-core-2.0-RC1.pom
2015-12-03 13:45:28,477 [Worker-87] INFO  o.e.m.c.i.e.AbstractTransferListenerAdapter - Downloaded https://repo.maven.apache.org/maven2/com/netflix/ribbon/ribbon-core/2.0-RC1/ribbon-core-2.0-RC1.pom
2015-12-03 13:45:28,837 [Worker-87] INFO  o.e.m.c.i.e.AbstractTransferListenerAdapter - Downloading https://repo.maven.apache.org/maven2/com/netflix/rxnetty/rx-netty-servo/0.3.8/rx-netty-servo-0.3.8.pom
2015-12-03 13:45:29,196 [Worker-87] INFO  o.e.m.c.i.e.AbstractTransferListenerAdapter - Downloaded https://repo.maven.apache.org/maven2/com/netflix/rxnetty/rx-netty-servo/0.3.8/rx-netty-servo-0.3.8.pom
2015-12-03 13:45:29,540 [Worker-87] INFO  o.e.m.c.i.e.AbstractTransferListenerAdapter - Downloading https://repo.maven.apache.org/maven2/com/netflix/rxnetty/rx-netty/0.3.8/rx-netty-0.3.8.pom
2015-12-03 13:45:29,900 [Worker-87] INFO  o.e.m.c.i.e.AbstractTransferListenerAdapter - Downloaded https://repo.maven.apache.org/maven2/com/netflix/rxnetty/rx-netty/0.3.8/rx-netty-0.3.8.pom
2015-12-03 13:45:30,353 [Worker-87] INFO  o.e.m.c.i.e.AbstractTransferListenerAdapter - Downloading https://repo.maven.apache.org/maven2/com/netflix/rxnetty/rx-netty-contexts/0.3.8/rx-netty-contexts-0.3.8.pom
2015-12-03 13:45:30,712 [Worker-87] INFO  o.e.m.c.i.e.AbstractTransferListenerAdapter - Downloaded https://repo.maven.apache.org/maven2/com/netflix/rxnetty/rx-netty-contexts/0.3.8/rx-netty-contexts-0.3.8.pom
2015-12-03 13:45:31,056 [Worker-87] INFO  o.e.m.c.i.e.AbstractTransferListenerAdapter - Downloading https://repo.maven.apache.org/maven2/com/netflix/ribbon/ribbon-loadbalancer/2.0-RC1/ribbon-loadbalancer-2.0-RC1.pom
2015-12-03 13:45:31,410 [Worker-87] INFO  o.e.m.c.i.e.AbstractTransferListenerAdapter - Downloaded https://repo.maven.apache.org/maven2/com/netflix/ribbon/ribbon-loadbalancer/2.0-RC1/ribbon-loadbalancer-2.0-RC1.pom
2015-12-03 13:45:31,770 [Worker-87] INFO  o.e.m.c.i.e.AbstractTransferListenerAdapter - Downloading https://repo.maven.apache.org/maven2/com/netflix/rxjava/rxjava-core/maven-metadata.xml
2015-12-03 13:45:32,145 [Worker-87] INFO  o.e.m.c.i.e.AbstractTransferListenerAdapter - Downloaded https://repo.maven.apache.org/maven2/com/netflix/rxjava/rxjava-core/maven-metadata.xml
2015-12-03 13:45:32,504 [Worker-87] INFO  o.e.m.c.i.e.AbstractTransferListenerAdapter - Downloading https://repo.maven.apache.org/maven2/com/netflix/rxjava/rxjava-core/0.17.0/rxjava-core-0.17.0.pom
2015-12-03 13:45:32,942 [Worker-87] INFO  o.e.m.c.i.e.AbstractTransferListenerAdapter - Downloaded https://repo.maven.apache.org/maven2/com/netflix/rxjava/rxjava-core/0.17.0/rxjava-core-0.17.0.pom
2015-12-03 13:45:33,301 [Worker-87] INFO  o.e.m.c.i.e.AbstractTransferListenerAdapter - Downloading https://repo.maven.apache.org/maven2/com/netflix/rxjava/rxjava-core/0.17.1/rxjava-core-0.17.1.pom
2015-12-03 13:45:33,661 [Worker-87] INFO  o.e.m.c.i.e.AbstractTransferListenerAdapter - Downloaded https://repo.maven.apache.org/maven2/com/netflix/rxjava/rxjava-core/0.17.1/rxjava-core-0.17.1.pom
2015-12-03 13:45:33,989 [Worker-87] INFO  o.e.m.c.i.e.AbstractTransferListenerAdapter - Downloading https://repo.maven.apache.org/maven2/com/netflix/rxjava/rxjava-core/0.17.2/rxjava-core-0.17.2.pom
2015-12-03 13:45:34,333 [Worker-87] INFO  o.e.m.c.i.e.AbstractTransferListenerAdapter - Downloaded https://repo.maven.apache.org/maven2/com/netflix/rxjava/rxjava-core/0.17.2/rxjava-core-0.17.2.pom
2015-12-03 13:45:34,692 [Worker-87] INFO  o.e.m.c.i.e.AbstractTransferListenerAdapter - Downloading https://repo.maven.apache.org/maven2/com/netflix/rxjava/rxjava-core/0.17.3/rxjava-core-0.17.3.pom
2015-12-03 13:45:35,036 [Worker-87] INFO  o.e.m.c.i.e.AbstractTransferListenerAdapter - Downloaded https://repo.maven.apache.org/maven2/com/netflix/rxjava/rxjava-core/0.17.3/rxjava-core-0.17.3.pom
2015-12-03 13:45:35,380 [Worker-87] INFO  o.e.m.c.i.e.AbstractTransferListenerAdapter - Downloading https://repo.maven.apache.org/maven2/com/netflix/rxjava/rxjava-core/0.17.4/rxjava-core-0.17.4.pom
2015-12-03 13:45:35,739 [Worker-87] INFO  o.e.m.c.i.e.AbstractTransferListenerAdapter - Downloaded https://repo.maven.apache.org/maven2/com/netflix/rxjava/rxjava-core/0.17.4/rxjava-core-0.17.4.pom
2015-12-03 13:45:36,083 [Worker-87] INFO  o.e.m.c.i.e.AbstractTransferListenerAdapter - Downloading https://repo.maven.apache.org/maven2/com/netflix/rxjava/rxjava-core/0.17.5/rxjava-core-0.17.5.pom
2015-12-03 13:45:36,427 [Worker-87] INFO  o.e.m.c.i.e.AbstractTransferListenerAdapter - Downloaded https://repo.maven.apache.org/maven2/com/netflix/rxjava/rxjava-core/0.17.5/rxjava-core-0.17.5.pom
2015-12-03 13:45:36,770 [Worker-87] INFO  o.e.m.c.i.e.AbstractTransferListenerAdapter - Downloading https://repo.maven.apache.org/maven2/com/netflix/rxjava/rxjava-core/0.17.6/rxjava-core-0.17.6.pom
2015-12-03 13:45:37,127 [Worker-87] INFO  o.e.m.c.i.e.AbstractTransferListenerAdapter - Downloaded https://repo.maven.apache.org/maven2/com/netflix/rxjava/rxjava-core/0.17.6/rxjava-core-0.17.6.pom
2015-12-03 13:45:37,471 [Worker-87] INFO  o.e.m.c.i.e.AbstractTransferListenerAdapter - Downloading https://repo.maven.apache.org/maven2/com/netflix/rxjava/rxjava-core/0.18.0/rxjava-core-0.18.0.pom
2015-12-03 13:45:37,831 [Worker-87] INFO  o.e.m.c.i.e.AbstractTransferListenerAdapter - Downloaded https://repo.maven.apache.org/maven2/com/netflix/rxjava/rxjava-core/0.18.0/rxjava-core-0.18.0.pom
2015-12-03 13:45:38,174 [Worker-87] INFO  o.e.m.c.i.e.AbstractTransferListenerAdapter - Downloading https://repo.maven.apache.org/maven2/com/netflix/rxjava/rxjava-core/0.18.1/rxjava-core-0.18.1.pom
2015-12-03 13:45:38,530 [Worker-87] INFO  o.e.m.c.i.e.AbstractTransferListenerAdapter - Downloaded https://repo.maven.apache.org/maven2/com/netflix/rxjava/rxjava-core/0.18.1/rxjava-core-0.18.1.pom
2015-12-03 13:45:38,874 [Worker-87] INFO  o.e.m.c.i.e.AbstractTransferListenerAdapter - Downloading https://repo.maven.apache.org/maven2/com/netflix/rxjava/rxjava-core/0.18.2/rxjava-core-0.18.2.pom
2015-12-03 13:45:39,217 [Worker-87] INFO  o.e.m.c.i.e.AbstractTransferListenerAdapter - Downloaded https://repo.maven.apache.org/maven2/com/netflix/rxjava/rxjava-core/0.18.2/rxjava-core-0.18.2.pom
2015-12-03 13:45:39,561 [Worker-87] INFO  o.e.m.c.i.e.AbstractTransferListenerAdapter - Downloading https://repo.maven.apache.org/maven2/com/netflix/rxjava/rxjava-core/0.18.3/rxjava-core-0.18.3.pom
2015-12-03 13:45:39,936 [Worker-87] INFO  o.e.m.c.i.e.AbstractTransferListenerAdapter - Downloaded https://repo.maven.apache.org/maven2/com/netflix/rxjava/rxjava-core/0.18.3/rxjava-core-0.18.3.pom
2015-12-03 13:45:40,264 [Worker-87] INFO  o.e.m.c.i.e.AbstractTransferListenerAdapter - Downloading https://repo.maven.apache.org/maven2/com/netflix/rxjava/rxjava-core/0.18.4/rxjava-core-0.18.4.pom
2015-12-03 13:45:40,639 [Worker-87] INFO  o.e.m.c.i.e.AbstractTransferListenerAdapter - Downloaded https://repo.maven.apache.org/maven2/com/netflix/rxjava/rxjava-core/0.18.4/rxjava-core-0.18.4.pom
2015-12-03 13:45:40,983 [Worker-87] INFO  o.e.m.c.i.e.AbstractTransferListenerAdapter - Downloading https://repo.maven.apache.org/maven2/com/netflix/rxjava/rxjava-core/0.19.0/rxjava-core-0.19.0.pom
2015-12-03 13:45:41,327 [Worker-87] INFO  o.e.m.c.i.e.AbstractTransferListenerAdapter - Downloaded https://repo.maven.apache.org/maven2/com/netflix/rxjava/rxjava-core/0.19.0/rxjava-core-0.19.0.pom
2015-12-03 13:45:41,671 [Worker-87] INFO  o.e.m.c.i.e.AbstractTransferListenerAdapter - Downloading https://repo.maven.apache.org/maven2/com/netflix/rxjava/rxjava-core/0.19.2/rxjava-core-0.19.2.pom
2015-12-03 13:45:42,030 [Worker-87] INFO  o.e.m.c.i.e.AbstractTransferListenerAdapter - Downloaded https://repo.maven.apache.org/maven2/com/netflix/rxjava/rxjava-core/0.19.2/rxjava-core-0.19.2.pom
2015-12-03 13:45:42,374 [Worker-87] INFO  o.e.m.c.i.e.AbstractTransferListenerAdapter - Downloading https://repo.maven.apache.org/maven2/com/netflix/rxjava/rxjava-core/0.19.4/rxjava-core-0.19.4.pom
2015-12-03 13:45:42,718 [Worker-87] INFO  o.e.m.c.i.e.AbstractTransferListenerAdapter - Downloaded https://repo.maven.apache.org/maven2/com/netflix/rxjava/rxjava-core/0.19.4/rxjava-core-0.19.4.pom
2015-12-03 13:45:43,077 [Worker-87] INFO  o.e.m.c.i.e.AbstractTransferListenerAdapter - Downloading https://repo.maven.apache.org/maven2/com/netflix/rxjava/rxjava-core/0.19.6/rxjava-core-0.19.6.pom
2015-12-03 13:45:43,421 [Worker-87] INFO  o.e.m.c.i.e.AbstractTransferListenerAdapter - Downloaded https://repo.maven.apache.org/maven2/com/netflix/rxjava/rxjava-core/0.19.6/rxjava-core-0.19.6.pom
2015-12-03 13:45:43,763 [Worker-87] INFO  o.e.m.c.i.e.AbstractTransferListenerAdapter - Downloading https://repo.maven.apache.org/maven2/com/netflix/rxjava/rxjava-core/0.20.0-RC1/rxjava-core-0.20.0-RC1.pom
2015-12-03 13:45:44,122 [Worker-87] INFO  o.e.m.c.i.e.AbstractTransferListenerAdapter - Downloaded https://repo.maven.apache.org/maven2/com/netflix/rxjava/rxjava-core/0.20.0-RC1/rxjava-core-0.20.0-RC1.pom
2015-12-03 13:45:44,466 [Worker-87] INFO  o.e.m.c.i.e.AbstractTransferListenerAdapter - Downloading https://repo.maven.apache.org/maven2/com/netflix/rxjava/rxjava-core/0.20.0-RC2/rxjava-core-0.20.0-RC2.pom
2015-12-03 13:45:44,810 [Worker-87] INFO  o.e.m.c.i.e.AbstractTransferListenerAdapter - Downloaded https://repo.maven.apache.org/maven2/com/netflix/rxjava/rxjava-core/0.20.0-RC2/rxjava-core-0.20.0-RC2.pom
2015-12-03 13:45:45,169 [Worker-87] INFO  o.e.m.c.i.e.AbstractTransferListenerAdapter - Downloading https://repo.maven.apache.org/maven2/com/netflix/rxjava/rxjava-core/0.20.0-RC3/rxjava-core-0.20.0-RC3.pom
2015-12-03 13:45:45,513 [Worker-87] INFO  o.e.m.c.i.e.AbstractTransferListenerAdapter - Downloaded https://repo.maven.apache.org/maven2/com/netflix/rxjava/rxjava-core/0.20.0-RC3/rxjava-core-0.20.0-RC3.pom
2015-12-03 13:45:45,857 [Worker-87] INFO  o.e.m.c.i.e.AbstractTransferListenerAdapter - Downloading https://repo.maven.apache.org/maven2/com/netflix/rxjava/rxjava-core/0.20.0-RC4/rxjava-core-0.20.0-RC4.pom
2015-12-03 13:45:46,200 [Worker-87] INFO  o.e.m.c.i.e.AbstractTransferListenerAdapter - Downloaded https://repo.maven.apache.org/maven2/com/netflix/rxjava/rxjava-core/0.20.0-RC4/rxjava-core-0.20.0-RC4.pom
2015-12-03 13:45:46,560 [Worker-87] INFO  o.e.m.c.i.e.AbstractTransferListenerAdapter - Downloading https://repo.maven.apache.org/maven2/com/netflix/rxjava/rxjava-core/0.20.0-RC5/rxjava-core-0.20.0-RC5.pom
2015-12-03 13:45:46,904 [Worker-87] INFO  o.e.m.c.i.e.AbstractTransferListenerAdapter - Downloaded https://repo.maven.apache.org/maven2/com/netflix/rxjava/rxjava-core/0.20.0-RC5/rxjava-core-0.20.0-RC5.pom
2015-12-03 13:45:47,247 [Worker-87] INFO  o.e.m.c.i.e.AbstractTransferListenerAdapter - Downloading https://repo.maven.apache.org/maven2/com/netflix/rxjava/rxjava-core/0.20.0-RC6/rxjava-core-0.20.0-RC6.pom
2015-12-03 13:45:47,607 [Worker-87] INFO  o.e.m.c.i.e.AbstractTransferListenerAdapter - Downloaded https://repo.maven.apache.org/maven2/com/netflix/rxjava/rxjava-core/0.20.0-RC6/rxjava-core-0.20.0-RC6.pom
2015-12-03 13:45:47,950 [Worker-87] INFO  o.e.m.c.i.e.AbstractTransferListenerAdapter - Downloading https://repo.maven.apache.org/maven2/com/netflix/rxjava/rxjava-core/0.20.0/rxjava-core-0.20.0.pom
2015-12-03 13:45:48,294 [Worker-87] INFO  o.e.m.c.i.e.AbstractTransferListenerAdapter - Downloaded https://repo.maven.apache.org/maven2/com/netflix/rxjava/rxjava-core/0.20.0/rxjava-core-0.20.0.pom
2015-12-03 13:45:48,654 [Worker-87] INFO  o.e.m.c.i.e.AbstractTransferListenerAdapter - Downloading https://repo.maven.apache.org/maven2/com/netflix/rxjava/rxjava-core/0.20.1/rxjava-core-0.20.1.pom
2015-12-03 13:45:48,935 [Worker-87] INFO  o.e.m.c.i.e.AbstractTransferListenerAdapter - Downloaded https://repo.maven.apache.org/maven2/com/netflix/rxjava/rxjava-core/0.20.1/rxjava-core-0.20.1.pom
2015-12-03 13:45:49,281 [Worker-87] INFO  o.e.m.c.i.e.AbstractTransferListenerAdapter - Downloading https://repo.maven.apache.org/maven2/com/netflix/rxjava/rxjava-core/0.20.2/rxjava-core-0.20.2.pom
2015-12-03 13:45:49,632 [Worker-87] INFO  o.e.m.c.i.e.AbstractTransferListenerAdapter - Downloaded https://repo.maven.apache.org/maven2/com/netflix/rxjava/rxjava-core/0.20.2/rxjava-core-0.20.2.pom
2015-12-03 13:45:49,991 [Worker-87] INFO  o.e.m.c.i.e.AbstractTransferListenerAdapter - Downloading https://repo.maven.apache.org/maven2/com/netflix/rxjava/rxjava-core/0.20.3/rxjava-core-0.20.3.pom
2015-12-03 13:45:50,444 [Worker-87] INFO  o.e.m.c.i.e.AbstractTransferListenerAdapter - Downloaded https://repo.maven.apache.org/maven2/com/netflix/rxjava/rxjava-core/0.20.3/rxjava-core-0.20.3.pom
2015-12-03 13:45:50,788 [Worker-87] INFO  o.e.m.c.i.e.AbstractTransferListenerAdapter - Downloading https://repo.maven.apache.org/maven2/com/netflix/rxjava/rxjava-core/0.20.4/rxjava-core-0.20.4.pom
2015-12-03 13:45:51,132 [Worker-87] INFO  o.e.m.c.i.e.AbstractTransferListenerAdapter - Downloaded https://repo.maven.apache.org/maven2/com/netflix/rxjava/rxjava-core/0.20.4/rxjava-core-0.20.4.pom
2015-12-03 13:45:51,601 [Worker-87] INFO  o.e.m.c.i.e.AbstractTransferListenerAdapter - Downloading https://repo.maven.apache.org/maven2/com/netflix/rxjava/rxjava-core/0.20.5/rxjava-core-0.20.5.pom
2015-12-03 13:45:51,944 [Worker-87] INFO  o.e.m.c.i.e.AbstractTransferListenerAdapter - Downloaded https://repo.maven.apache.org/maven2/com/netflix/rxjava/rxjava-core/0.20.5/rxjava-core-0.20.5.pom
2015-12-03 13:45:52,288 [Worker-87] INFO  o.e.m.c.i.e.AbstractTransferListenerAdapter - Downloading https://repo.maven.apache.org/maven2/com/netflix/rxjava/rxjava-core/0.20.6/rxjava-core-0.20.6.pom
2015-12-03 13:45:52,648 [Worker-87] INFO  o.e.m.c.i.e.AbstractTransferListenerAdapter - Downloaded https://repo.maven.apache.org/maven2/com/netflix/rxjava/rxjava-core/0.20.6/rxjava-core-0.20.6.pom
2015-12-03 13:45:52,991 [Worker-87] INFO  o.e.m.c.i.e.AbstractTransferListenerAdapter - Downloading https://repo.maven.apache.org/maven2/com/netflix/evcache/evcache-client/1.0.5/evcache-client-1.0.5.pom
2015-12-03 13:45:53,351 [Worker-87] INFO  o.e.m.c.i.e.AbstractTransferListenerAdapter - Downloaded https://repo.maven.apache.org/maven2/com/netflix/evcache/evcache-client/1.0.5/evcache-client-1.0.5.pom
2015-12-03 13:45:53,695 [Worker-87] INFO  o.e.m.c.i.e.AbstractTransferListenerAdapter - Downloading https://repo.maven.apache.org/maven2/net/spy/spymemcached/2.9.1/spymemcached-2.9.1.pom
2015-12-03 13:45:54,038 [Worker-87] INFO  o.e.m.c.i.e.AbstractTransferListenerAdapter - Downloaded https://repo.maven.apache.org/maven2/net/spy/spymemcached/2.9.1/spymemcached-2.9.1.pom
2015-12-03 13:45:54,382 [Worker-87] INFO  o.e.m.c.i.e.AbstractTransferListenerAdapter - Downloading https://repo.maven.apache.org/maven2/com/netflix/governator/governator/1.2.3/governator-1.2.3.pom
2015-12-03 13:45:54,742 [Worker-87] INFO  o.e.m.c.i.e.AbstractTransferListenerAdapter - Downloaded https://repo.maven.apache.org/maven2/com/netflix/governator/governator/1.2.3/governator-1.2.3.pom
2015-12-03 13:45:55,101 [Worker-87] INFO  o.e.m.c.i.e.AbstractTransferListenerAdapter - Downloading https://repo.maven.apache.org/maven2/com/netflix/eureka/eureka-core/1.1.114/eureka-core-1.1.114.pom
2015-12-03 13:45:55,548 [Worker-87] INFO  o.e.m.c.i.e.AbstractTransferListenerAdapter - Downloaded https://repo.maven.apache.org/maven2/com/netflix/eureka/eureka-core/1.1.114/eureka-core-1.1.114.pom
2015-12-03 13:45:55,891 [Worker-87] INFO  o.e.m.c.i.e.AbstractTransferListenerAdapter - Downloading https://repo.maven.apache.org/maven2/javax/servlet/servlet-api/2.4/servlet-api-2.4.pom
2015-12-03 13:45:56,251 [Worker-87] INFO  o.e.m.c.i.e.AbstractTransferListenerAdapter - Downloaded https://repo.maven.apache.org/maven2/javax/servlet/servlet-api/2.4/servlet-api-2.4.pom
2015-12-03 13:45:56,704 [Worker-87] INFO  o.e.m.c.i.e.AbstractTransferListenerAdapter - Downloading https://repo.maven.apache.org/maven2/com/sun/jersey/jersey-bundle/1.9.1/jersey-bundle-1.9.1.pom
2015-12-03 13:45:57,329 [Worker-87] INFO  o.e.m.c.i.e.AbstractTransferListenerAdapter - Downloaded https://repo.maven.apache.org/maven2/com/sun/jersey/jersey-bundle/1.9.1/jersey-bundle-1.9.1.pom
2015-12-03 13:45:57,673 [Worker-87] INFO  o.e.m.c.i.e.AbstractTransferListenerAdapter - Downloading https://repo.maven.apache.org/maven2/com/sun/jersey/jersey-project/1.9.1/jersey-project-1.9.1.pom
2015-12-03 13:45:58,173 [Worker-87] INFO  o.e.m.c.i.e.AbstractTransferListenerAdapter - Downloaded https://repo.maven.apache.org/maven2/com/sun/jersey/jersey-project/1.9.1/jersey-project-1.9.1.pom
2015-12-03 13:45:58,626 [Worker-87] INFO  o.e.m.c.i.e.AbstractTransferListenerAdapter - Downloading https://repo.maven.apache.org/maven2/com/netflix/blitz4j/blitz4j/1.18/blitz4j-1.18.pom
2015-12-03 13:45:58,985 [Worker-87] INFO  o.e.m.c.i.e.AbstractTransferListenerAdapter - Downloaded https://repo.maven.apache.org/maven2/com/netflix/blitz4j/blitz4j/1.18/blitz4j-1.18.pom
2015-12-03 13:45:59,329 [Worker-87] INFO  o.e.m.c.i.e.AbstractTransferListenerAdapter - Downloading https://repo.maven.apache.org/maven2/com/netflix/servo/servo-core/0.4.26/servo-core-0.4.26.pom
2015-12-03 13:45:59,677 [Worker-87] INFO  o.e.m.c.i.e.AbstractTransferListenerAdapter - Downloaded https://repo.maven.apache.org/maven2/com/netflix/servo/servo-core/0.4.26/servo-core-0.4.26.pom
2015-12-03 13:46:00,036 [Worker-87] INFO  o.e.m.c.i.e.AbstractTransferListenerAdapter - Downloading https://repo.maven.apache.org/maven2/com/sun/jersey/contribs/jersey-apache-client4/1.8/jersey-apache-client4-1.8.pom
2015-12-03 13:46:00,380 [Worker-87] INFO  o.e.m.c.i.e.AbstractTransferListenerAdapter - Downloaded https://repo.maven.apache.org/maven2/com/sun/jersey/contribs/jersey-apache-client4/1.8/jersey-apache-client4-1.8.pom
2015-12-03 13:46:00,739 [Worker-87] INFO  o.e.m.c.i.e.AbstractTransferListenerAdapter - Downloading https://repo.maven.apache.org/maven2/com/sun/jersey/contribs/jersey-contribs/1.8/jersey-contribs-1.8.pom
2015-12-03 13:46:01,083 [Worker-87] INFO  o.e.m.c.i.e.AbstractTransferListenerAdapter - Downloaded https://repo.maven.apache.org/maven2/com/sun/jersey/contribs/jersey-contribs/1.8/jersey-contribs-1.8.pom
2015-12-03 13:46:01,420 [Worker-87] INFO  o.e.m.c.i.e.AbstractTransferListenerAdapter - Downloading https://repo.maven.apache.org/maven2/com/sun/jersey/jersey-project/1.8/jersey-project-1.8.pom
2015-12-03 13:46:01,701 [Worker-87] INFO  o.e.m.c.i.e.AbstractTransferListenerAdapter - Downloaded https://repo.maven.apache.org/maven2/com/sun/jersey/jersey-project/1.8/jersey-project-1.8.pom
2015-12-03 13:46:02,045 [Worker-87] INFO  o.e.m.c.i.e.AbstractTransferListenerAdapter - Downloading https://repo.maven.apache.org/maven2/com/sun/jersey/jersey-client/1.8/jersey-client-1.8.pom
2015-12-03 13:46:03,170 [Worker-87] INFO  o.e.m.c.i.e.AbstractTransferListenerAdapter - Downloaded https://repo.maven.apache.org/maven2/com/sun/jersey/jersey-client/1.8/jersey-client-1.8.pom
2015-12-03 13:46:03,537 [Worker-87] INFO  o.e.m.c.i.e.AbstractTransferListenerAdapter - Downloading https://repo.maven.apache.org/maven2/com/sun/jersey/jersey-core/1.8/jersey-core-1.8.pom
2015-12-03 13:46:03,890 [Worker-87] INFO  o.e.m.c.i.e.AbstractTransferListenerAdapter - Downloaded https://repo.maven.apache.org/maven2/com/sun/jersey/jersey-core/1.8/jersey-core-1.8.pom
2015-12-03 13:46:04,234 [Worker-87] INFO  o.e.m.c.i.e.AbstractTransferListenerAdapter - Downloading https://repo.maven.apache.org/maven2/com/netflix/eureka/eureka-client/1.1.114/eureka-client-1.1.114.pom
2015-12-03 13:46:04,609 [Worker-87] INFO  o.e.m.c.i.e.AbstractTransferListenerAdapter - Downloaded https://repo.maven.apache.org/maven2/com/netflix/eureka/eureka-client/1.1.114/eureka-client-1.1.114.pom
2015-12-03 13:46:04,968 [Worker-87] INFO  o.e.m.c.i.e.AbstractTransferListenerAdapter - Downloading https://repo.maven.apache.org/maven2/org/slf4j/slf4j-log4j12/1.7.13/slf4j-log4j12-1.7.13.pom
2015-12-03 13:46:05,421 [Worker-87] INFO  o.e.m.c.i.e.AbstractTransferListenerAdapter - Downloaded https://repo.maven.apache.org/maven2/org/slf4j/slf4j-log4j12/1.7.13/slf4j-log4j12-1.7.13.pom
2015-12-03 13:46:05,765 [Worker-87] INFO  o.e.m.c.i.e.AbstractTransferListenerAdapter - Downloading https://repo.maven.apache.org/maven2/com/netflix/hystrix/hystrix-core/1.4.0-RC4/hystrix-core-1.4.0-RC4.pom
2015-12-03 13:46:06,124 [Worker-87] INFO  o.e.m.c.i.e.AbstractTransferListenerAdapter - Downloaded https://repo.maven.apache.org/maven2/com/netflix/hystrix/hystrix-core/1.4.0-RC4/hystrix-core-1.4.0-RC4.pom
2015-12-03 13:46:06,812 [Worker-87] INFO  o.e.m.c.i.e.AbstractTransferListenerAdapter - Downloading https://repo.maven.apache.org/maven2/com/netflix/ribbon/ribbon/2.0-RC1/ribbon-2.0-RC1.jar
2015-12-03 13:46:07,627 [Worker-87] INFO  o.e.m.c.i.e.AbstractTransferListenerAdapter - Downloaded https://repo.maven.apache.org/maven2/com/netflix/ribbon/ribbon/2.0-RC1/ribbon-2.0-RC1.jar
2015-12-03 13:46:07,971 [Worker-87] INFO  o.e.m.c.i.e.AbstractTransferListenerAdapter - Downloading https://repo.maven.apache.org/maven2/com/netflix/ribbon/ribbon-transport/2.0-RC1/ribbon-transport-2.0-RC1.jar
2015-12-03 13:46:08,362 [Worker-87] INFO  o.e.m.c.i.e.AbstractTransferListenerAdapter - Downloaded https://repo.maven.apache.org/maven2/com/netflix/ribbon/ribbon-transport/2.0-RC1/ribbon-transport-2.0-RC1.jar
2015-12-03 13:46:08,727 [Worker-87] INFO  o.e.m.c.i.e.AbstractTransferListenerAdapter - Downloading https://repo.maven.apache.org/maven2/com/netflix/rxnetty/rx-netty-servo/0.3.8/rx-netty-servo-0.3.8.jar
2015-12-03 13:46:09,118 [Worker-87] INFO  o.e.m.c.i.e.AbstractTransferListenerAdapter - Downloaded https://repo.maven.apache.org/maven2/com/netflix/rxnetty/rx-netty-servo/0.3.8/rx-netty-servo-0.3.8.jar
2015-12-03 13:46:09,586 [Worker-87] INFO  o.e.m.c.i.e.AbstractTransferListenerAdapter - Downloading https://repo.maven.apache.org/maven2/com/netflix/rxnetty/rx-netty/0.3.8/rx-netty-0.3.8.jar
2015-12-03 13:46:10,883 [Worker-87] INFO  o.e.m.c.i.e.AbstractTransferListenerAdapter - Downloaded https://repo.maven.apache.org/maven2/com/netflix/rxnetty/rx-netty/0.3.8/rx-netty-0.3.8.jar
2015-12-03 13:46:11,227 [Worker-87] INFO  o.e.m.c.i.e.AbstractTransferListenerAdapter - Downloading https://repo.maven.apache.org/maven2/com/netflix/rxnetty/rx-netty-contexts/0.3.8/rx-netty-contexts-0.3.8.jar
2015-12-03 13:46:11,618 [Worker-87] INFO  o.e.m.c.i.e.AbstractTransferListenerAdapter - Downloaded https://repo.maven.apache.org/maven2/com/netflix/rxnetty/rx-netty-contexts/0.3.8/rx-netty-contexts-0.3.8.jar
2015-12-03 13:46:11,962 [Worker-87] INFO  o.e.m.c.i.e.AbstractTransferListenerAdapter - Downloading https://repo.maven.apache.org/maven2/com/netflix/evcache/evcache-client/1.0.5/evcache-client-1.0.5.jar
2015-12-03 13:46:12,274 [Worker-87] INFO  o.e.m.c.i.e.AbstractTransferListenerAdapter - Downloaded https://repo.maven.apache.org/maven2/com/netflix/evcache/evcache-client/1.0.5/evcache-client-1.0.5.jar
2015-12-03 13:46:12,618 [Worker-87] INFO  o.e.m.c.i.e.AbstractTransferListenerAdapter - Downloading https://repo.maven.apache.org/maven2/net/spy/spymemcached/2.9.1/spymemcached-2.9.1.jar
2015-12-03 13:46:13,806 [Worker-87] INFO  o.e.m.c.i.e.AbstractTransferListenerAdapter - Downloaded https://repo.maven.apache.org/maven2/net/spy/spymemcached/2.9.1/spymemcached-2.9.1.jar
2015-12-03 13:46:14,149 [Worker-87] INFO  o.e.m.c.i.e.AbstractTransferListenerAdapter - Downloading https://repo.maven.apache.org/maven2/com/netflix/eureka/eureka-core/1.1.114/eureka-core-1.1.114.jar
2015-12-03 13:46:14,462 [Worker-87] INFO  o.e.m.c.i.e.AbstractTransferListenerAdapter - Downloaded https://repo.maven.apache.org/maven2/com/netflix/eureka/eureka-core/1.1.114/eureka-core-1.1.114.jar
2015-12-03 13:46:14,806 [Worker-87] INFO  o.e.m.c.i.e.AbstractTransferListenerAdapter - Downloading https://repo.maven.apache.org/maven2/javax/servlet/servlet-api/2.4/servlet-api-2.4.jar
2015-12-03 13:46:15,196 [Worker-87] INFO  o.e.m.c.i.e.AbstractTransferListenerAdapter - Downloaded https://repo.maven.apache.org/maven2/javax/servlet/servlet-api/2.4/servlet-api-2.4.jar
2015-12-03 13:46:15,540 [Worker-87] INFO  o.e.m.c.i.e.AbstractTransferListenerAdapter - Downloading https://repo.maven.apache.org/maven2/com/sun/jersey/jersey-bundle/1.9.1/jersey-bundle-1.9.1.jar
2015-12-03 13:46:17,275 [Worker-87] INFO  o.e.m.c.i.e.AbstractTransferListenerAdapter - Downloaded https://repo.maven.apache.org/maven2/com/sun/jersey/jersey-bundle/1.9.1/jersey-bundle-1.9.1.jar
2015-12-03 13:46:17,634 [Worker-87] INFO  o.e.m.c.i.e.AbstractTransferListenerAdapter - Downloading https://repo.maven.apache.org/maven2/com/netflix/blitz4j/blitz4j/1.18/blitz4j-1.18.jar
2015-12-03 13:46:18,009 [Worker-87] INFO  o.e.m.c.i.e.AbstractTransferListenerAdapter - Downloaded https://repo.maven.apache.org/maven2/com/netflix/blitz4j/blitz4j/1.18/blitz4j-1.18.jar
2015-12-03 13:46:18,353 [Worker-87] INFO  o.e.m.c.i.e.AbstractTransferListenerAdapter - Downloading https://repo.maven.apache.org/maven2/org/slf4j/slf4j-log4j12/1.7.13/slf4j-log4j12-1.7.13.jar
2015-12-03 13:46:18,744 [Worker-87] INFO  o.e.m.c.i.e.AbstractTransferListenerAdapter - Downloaded https://repo.maven.apache.org/maven2/org/slf4j/slf4j-log4j12/1.7.13/slf4j-log4j12-1.7.13.jar
2015-12-03 13:46:19,214 [Worker-87] INFO  o.e.m.c.i.e.AbstractTransferListenerAdapter - Downloading https://repo.maven.apache.org/maven2/com/netflix/archaius/archaius-core/0.5.12/archaius-core-0.5.12.jar
2015-12-03 13:46:19,634 [Worker-87] INFO  o.e.m.c.i.e.AbstractTransferListenerAdapter - Downloaded https://repo.maven.apache.org/maven2/com/netflix/archaius/archaius-core/0.5.12/archaius-core-0.5.12.jar
2015-12-03 13:46:19,994 [Worker-87] INFO  o.e.m.c.i.e.AbstractTransferListenerAdapter - Downloading https://repo.maven.apache.org/maven2/com/netflix/hystrix/hystrix-core/1.4.0-RC4/hystrix-core-1.4.0-RC4.jar
2015-12-03 13:46:20,478 [Worker-87] INFO  o.e.m.c.i.e.AbstractTransferListenerAdapter - Downloaded https://repo.maven.apache.org/maven2/com/netflix/hystrix/hystrix-core/1.4.0-RC4/hystrix-core-1.4.0-RC4.jar
2015-12-03 13:46:20,947 [Worker-87] INFO  o.e.m.c.i.e.AbstractTransferListenerAdapter - Downloading https://repo.maven.apache.org/maven2/com/netflix/rxjava/rxjava-core/0.18.2/rxjava-core-0.18.2.jar
2015-12-03 13:46:21,761 [Worker-87] INFO  o.e.m.c.i.e.AbstractTransferListenerAdapter - Downloaded https://repo.maven.apache.org/maven2/com/netflix/rxjava/rxjava-core/0.18.2/rxjava-core-0.18.2.jar
2015-12-03 13:46:23,792 [Worker-87] INFO  o.e.m.c.i.embedder.EclipseLogger - Using 'UTF-8' encoding to copy filtered resources.
2015-12-03 13:46:23,792 [Worker-87] INFO  o.e.m.c.i.embedder.EclipseLogger - Copying 0 resource
2015-12-03 13:46:23,792 [Worker-87] INFO  o.e.m.c.i.embedder.EclipseLogger - Copying 0 resource
2015-12-03 13:46:23,792 [Worker-87] INFO  o.e.m.c.i.embedder.EclipseLogger - Using 'UTF-8' encoding to copy filtered resources.
2015-12-03 13:46:23,792 [Worker-87] INFO  o.e.m.c.i.embedder.EclipseLogger - skip non existing resourceDirectory D:\work\SPRING\springcloud2\springcloud\ocr-races\src\test\resources
2015-12-03 13:46:26,308 [Worker-87] INFO  o.e.m.c.i.embedder.EclipseLogger - Using 'UTF-8' encoding to copy filtered resources.
2015-12-03 13:46:26,308 [Worker-87] INFO  o.e.m.c.i.embedder.EclipseLogger - Copying 1 resource
2015-12-03 13:46:26,426 [Worker-87] INFO  o.e.m.c.i.embedder.EclipseLogger - Copying 1 resource
2015-12-03 13:46:26,426 [Worker-87] INFO  o.e.m.c.i.embedder.EclipseLogger - Using 'UTF-8' encoding to copy filtered resources.
2015-12-03 13:46:26,426 [Worker-87] INFO  o.e.m.c.i.embedder.EclipseLogger - skip non existing resourceDirectory D:\work\SPRING\springcloud2\springcloud\ocr-races\src\test\resources
